06/21/2022 04:23 | TestCave | 0h 0m 16s
06/21/2022 04:26 | TestCave | 0h 0m 12s
06/21/2022 04:27 | TestCave | 0h 0m 11s
06/21/2022 04:49 | TestBake | 0h 0m 8s
06/21/2022 04:56 | TestBake | 0h 0m 12s
06/21/2022 04:58 | TestBake | 0h 0m 29s
06/21/2022 05:04 | TestBake | 0h 0m 30s
06/21/2022 05:08 | TestBake | 0h 0m 53s
06/21/2022 05:12 | TestBake | 0h 0m 53s
06/21/2022 05:15 | TestBake | 0h 1m 13s
06/21/2022 05:31 | TestBake | 0h 2m 45s
06/21/2022 06:00 | TestBake | 0h 9m 44s
06/21/2022 06:17 | TestBake | 0h 5m 16s
06/21/2022 06:45 | TestBake | 0h 5m 46s
06/21/2022 07:03 | TestBake | 0h 9m 18s
06/21/2022 12:50 | TestBake | 0h 6m 22s
06/21/2022 13:04 | TestBake | 0h 5m 39s
06/21/2022 13:34 | TestBake | 0h 6m 33s
06/21/2022 13:59 | TestBake | 0h 6m 51s
06/21/2022 15:07 | TestBake | 0h 6m 42s
06/21/2022 15:19 | TestBake | 0h 2m 8s
06/28/2022 18:22 | SpawnRoom | 0h 5m 16s
06/28/2022 19:22 | SpawnRoom | 0h 3m 54s
06/28/2022 21:07 | SpawnRoom | 0h 3m 56s
06/28/2022 21:32 | SpawnRoom | 0h 4m 13s
06/28/2022 21:45 | SpawnRoom | 0h 4m 24s
06/28/2022 22:10 | SpawnRoom | 0h 5m 38s
06/28/2022 22:19 | SpawnRoom | 0h 7m 13s
06/28/2022 22:35 | SpawnRoom | 0h 7m 0s
06/28/2022 23:02 | SpawnRoom | 0h 10m 19s
07/01/2022 22:14 | SpawnRoom | 0h 10m 45s
07/02/2022 15:18 | SpawnRoom | 0h 17m 32s
07/02/2022 15:40 | SpawnRoom | 0h 19m 30s
07/02/2022 16:53 | SpawnRoom | 0h 21m 22s
07/06/2022 20:23 | ForestClear | 0h 0m 9s
07/06/2022 21:18 | ForestClear | 0h 9m 17s
07/08/2022 14:05 | ForestClear | 0h 8m 59s
07/08/2022 14:18 | ForestClear | 0h 9m 21s
07/08/2022 17:28 | ForestClear | 0h 21m 48s
07/11/2022 21:54 | ForestClear | 0h 20m 31s
07/19/2022 21:00 | OpenScene | 0h 17m 12s
07/19/2022 22:40 | OpenScene | 0h 17m 3s
07/21/2022 18:38 | OpenScene | 0h 27m 31s
08/10/2022 19:44 | OpenScene | 0h 25m 36s
08/21/2022 15:45 | OpenScene | 0h 45m 9s
08/26/2022 16:11 | Unwrap | 0h 0m 32s
08/26/2022 16:15 | Unwrap | 0h 1m 4s
08/28/2022 21:43 | MAIN | 1h 0m 11s
08/29/2022 04:32 | MAIN | 4h 57m 9s
08/29/2022 10:16 | MAIN | 2h 14m 55s
